<?xml version="1.0" encoding="utf-8"?><testsuites name="pytest tests"><testsuite name="pytest" errors="0" failures="1" skipped="0" tests="13" time="4.333" timestamp="2026-08-13T06:58:50.922899+00:00" hostname="agent-env-a4c6ee18-ed78-48cf-b539-e32fe98e5224"><testcase classname="backend.tests.test_meenamma_api" name="test_health" time="0.189" /><testcase classname="backend.tests.test_meenamma_api" name="test_register_returns_user_and_cookies" time="0.384" /><testcase classname="backend.tests.test_meenamma_api" name="test_register_duplicate_email" time="0.099" /><testcase classname="backend.tests.test_meenamma_api" name="test_admin_login_me_logout_refresh" time="0.822" /><testcase classname="backend.tests.test_meenamma_api" name="test_brute_force_lockout" time="0.572"><failure message="AssertionError: Expected 429, got 401 {&quot;detail&quot;:&quot;Invalid email or password&quot;}&#10;assert 401 == 429&#10; +  where 401 = &lt;Response [401]&gt;.status_code">backend/tests/test_meenamma_api.py:86: in test_brute_force_lockout
    assert r.status_code == 429, f"Expected 429, got {r.status_code} {r.text}"
E   AssertionError: Expected 429, got 401 {"detail":"Invalid email or password"}
E   assert 401 == 429
E    +  where 401 = &lt;Response [401]&gt;.status_code</failure></testcase><testcase classname="backend.tests.test_meenamma_api" name="test_products_seeded" time="0.096" /><testcase classname="backend.tests.test_meenamma_api" name="test_kudam_requires_auth" time="0.098" /><testcase classname="backend.tests.test_meenamma_api" name="test_create_and_list_kudam" time="0.095" /><testcase classname="backend.tests.test_meenamma_api" name="test_create_deposit_order" time="0.934" /><testcase classname="backend.tests.test_meenamma_api" name="test_create_booking_order" time="0.434" /><testcase classname="backend.tests.test_meenamma_api" name="test_verify_invalid_signature" time="0.436" /><testcase classname="backend.tests.test_meenamma_api" name="test_create_order_bad_purpose" time="0.046" /><testcase classname="backend.tests.test_meenamma_api" name="test_create_order_deposit_missing_kudam" time="0.048" /></testsuite></testsuites>