<?xml version="1.0" encoding="utf-8"?><testsuites name="pytest tests"><testsuite name="pytest" errors="0" failures="1" skipped="0" tests="27" time="21.855" timestamp="2026-08-13T08:30:48.454271+00:00" hostname="agent-env-a4c6ee18-ed78-48cf-b539-e32fe98e5224"><testcase classname="backend.tests.test_supabase_api" name="test_health" time="0.523" /><testcase classname="backend.tests.test_supabase_api" name="test_products_public_15_seeded" time="0.386" /><testcase classname="backend.tests.test_supabase_api" name="test_stats_live_public" time="0.946" /><testcase classname="backend.tests.test_supabase_api" name="test_me_requires_auth" time="0.092" /><testcase classname="backend.tests.test_supabase_api" name="test_me_invalid_token" time="0.112" /><testcase classname="backend.tests.test_supabase_api" name="test_kudams_requires_auth" time="0.109" /><testcase classname="backend.tests.test_supabase_api" name="test_admin_requires_admin" time="0.768" /><testcase classname="backend.tests.test_supabase_api" name="test_me_demo" time="0.302" /><testcase classname="backend.tests.test_supabase_api" name="test_me_admin" time="0.682" /><testcase classname="backend.tests.test_supabase_api" name="test_patch_me_updates_name_persist" time="1.698" /><testcase classname="backend.tests.test_supabase_api" name="test_demo_kudams_include_sunday_feast" time="0.523" /><testcase classname="backend.tests.test_supabase_api" name="test_create_kudam" time="1.063" /><testcase classname="backend.tests.test_supabase_api" name="test_rewards_status" time="0.527" /><testcase classname="backend.tests.test_supabase_api" name="test_bookings_list" time="0.519" /><testcase classname="backend.tests.test_supabase_api" name="test_create_deposit_order" time="2.109" /><testcase classname="backend.tests.test_supabase_api" name="test_create_booking_order_server_side_amount" time="2.051" /><testcase classname="backend.tests.test_supabase_api" name="test_verify_invalid_signature" time="2.090" /><testcase classname="backend.tests.test_supabase_api" name="test_create_order_bad_purpose" time="0.347" /><testcase classname="backend.tests.test_supabase_api" name="test_create_order_deposit_missing_kudam" time="0.306" /><testcase classname="backend.tests.test_supabase_api" name="test_admin_stats" time="0.551"><failure message="AssertionError: Internal Server Error&#10;assert 500 == 200&#10; +  where 500 = &lt;Response [500]&gt;.status_code">backend/tests/test_supabase_api.py:254: in test_admin_stats
    assert r.status_code == 200, r.text
E   AssertionError: Internal Server Error
E   assert 500 == 200
E    +  where 500 = &lt;Response [500]&gt;.status_code</failure></testcase><testcase classname="backend.tests.test_supabase_api" name="test_admin_bookings" time="0.602" /><testcase classname="backend.tests.test_supabase_api" name="test_admin_kudams" time="0.523" /><testcase classname="backend.tests.test_supabase_api" name="test_admin_users" time="0.947" /><testcase classname="backend.tests.test_supabase_api" name="test_admin_product_create_update_delete" time="2.859" /><testcase classname="backend.tests.test_supabase_api" name="test_admin_upload_image" time="0.447" /><testcase classname="backend.tests.test_supabase_api" name="test_admin_upload_rejects_txt" time="0.312" /><testcase classname="backend.tests.test_supabase_api" name="test_admin_upload_non_admin_forbidden" time="0.306" /></testsuite></testsuites>