<?xml version="1.0" encoding="utf-8"?><testsuites name="pytest tests"><testsuite name="pytest" errors="0" failures="0" skipped="1" tests="12" time="14.102" timestamp="2026-08-13T09:04:28.364005+00:00" hostname="agent-env-a4c6ee18-ed78-48cf-b539-e32fe98e5224"><testcase classname="backend.tests.test_reservations" name="test_stats_live_200" time="1.682" /><testcase classname="backend.tests.test_reservations" name="test_products_include_kaala_unavailable" time="0.308" /><testcase classname="backend.tests.test_reservations" name="test_admin_stats" time="1.943" /><testcase classname="backend.tests.test_reservations" name="test_reservation_create_order_for_kaala" time="1.956" /><testcase classname="backend.tests.test_reservations" name="test_reservation_create_order_404" time="0.566" /><testcase classname="backend.tests.test_reservations" name="test_verify_fake_signature_400" time="1.571" /><testcase classname="backend.tests.test_reservations" name="test_reservations_list_excludes_pending_advance" time="0.525" /><testcase classname="backend.tests.test_reservations" name="test_ooli_completed_reservation_present" time="0.521" /><testcase classname="backend.tests.test_reservations" name="test_ooli_booking_in_orders" time="0.533"><skipped type="pytest.skip" message="No Ooli booking present. Bookings: [{'id': 'b1f1eba9-c6ba-4fbf-9fb8-1bb7a306717f', 'product_name': 'Ooli', 'qty_kg': 2.0, 'amount': 920, 'pickup_date': '2026-06-20', 'status': 'confirmed', 'discount_percent': 0, 'created_at': '2026-08-13T08:58:36.979416+00:00'}]">/app/backend/tests/test_reservations.py:122: No Ooli booking present. Bookings: [{'id': 'b1f1eba9-c6ba-4fbf-9fb8-1bb7a306717f', 'product_name': 'Ooli', 'qty_kg': 2.0, 'amount': 920, 'pickup_date': '2026-06-20', 'status': 'confirmed', 'discount_percent': 0, 'created_at': '2026-08-13T08:58:36.979416+00:00'}]</skipped></testcase><testcase classname="backend.tests.test_reservations" name="test_complete_order_rejects_completed_reservation" time="1.057" /><testcase classname="backend.tests.test_reservations" name="test_admin_toggle_no_reserved_no_error" time="1.746" /><testcase classname="backend.tests.test_reservations" name="test_kudam_deposit_create_order" time="1.628" /></testsuite></testsuites>